<?xml version="1.0" encoding="UTF-8"?>
<testng-results ignored="0" total="1" passed="1" failed="0" skipped="0">
  <reporter-output>
  </reporter-output>
  <suite started-at="2023-06-15T16:55:19 IST" name="Default suite" finished-at="2023-06-15T16:55:19 IST" duration-ms="86">
    <groups>
    </groups>
    <test started-at="2023-06-15T16:55:19 IST" name="Default test" finished-at="2023-06-15T16:55:19 IST" duration-ms="86">
      <class name="demo.assessment.testvarigrant.RecentlyPlayedSongsTest">
        <test-method is-config="true" signature="setUp()[pri:0, instance:demo.assessment.testvarigrant.RecentlyPlayedSongsTest@1bb266b3]" started-at="2023-06-15T16:55:19 IST" name="setUp" finished-at="2023-06-15T16:55:19 IST" duration-ms="7" status="PASS">
          <reporter-output>
          </reporter-output>
        </test-method> <!-- setUp -->
        <test-method signature="testRecentlyPlayedSongs()[pri:0, instance:demo.assessment.testvarigrant.RecentlyPlayedSongsTest@1bb266b3]" started-at="2023-06-15T16:55:19 IST" name="testRecentlyPlayedSongs" finished-at="2023-06-15T16:55:19 IST" duration-ms="11" status="PASS">
          <reporter-output>
          </reporter-output>
        </test-method> <!-- testRecentlyPlayedSongs -->
      </class> <!-- demo.assessment.testvarigrant.RecentlyPlayedSongsTest -->
    </test> <!-- Default test -->
  </suite> <!-- Default suite -->
</testng-results>
